-------------------------------------------------------------------------------
Test set: CalculatorTest
-------------------------------------------------------------------------------
Tests run: 9, Failures: 0, Errors: 9, Skipped: 0, Time elapsed: 0.115 s <<< FAILURE! -- in CalculatorTest
CalculatorTest.testGetRemainderZero -- Time elapsed: 0.036 s <<< ERROR!
java.lang.Error: 
Unresolved compilation problems: 
	The method add(double, double) is undefined for the type Calculator
	The method add(double, double) is undefined for the type Calculator
	The method add(double, double) is undefined for the type Calculator
	The method subtract(double, double) is undefined for the type Calculator
	The method subtract(double, double) is undefined for the type Calculator
	The method subtract(double, double) is undefined for the type Calculator
	The method multiply(double, double) is undefined for the type Calculator
	The method multiply(double, double) is undefined for the type Calculator
	The method multiply(double, double) is undefined for the type Calculator
	The method divide(double, double) is undefined for the type Calculator
	The method divide(int, int) is undefined for the type Calculator
	The method divide(double, double) is undefined for the type Calculator
	The method calculate(int, int, char) is undefined for the type Calculator

	at CalculatorTest.<init>(CalculatorTest.java:37)
	at java.base/java.lang.reflect.Constructor.newInstanceWithCaller(Constructor.java:502)
	at java.base/java.lang.reflect.Constructor.newInstance(Constructor.java:486)
	at java.base/java.util.Optional.orElseGet(Optional.java:364)
	at java.base/java.util.ArrayList.forEach(ArrayList.java:1596)
	at java.base/java.util.ArrayList.forEach(ArrayList.java:1596)

CalculatorTest.testInvalidOperator -- Time elapsed: 0.003 s <<< ERROR!
java.lang.Error: 
Unresolved compilation problems: 
	The method add(double, double) is undefined for the type Calculator
	The method add(double, double) is undefined for the type Calculator
	The method add(double, double) is undefined for the type Calculator
	The method subtract(double, double) is undefined for the type Calculator
	The method subtract(double, double) is undefined for the type Calculator
	The method subtract(double, double) is undefined for the type Calculator
	The method multiply(double, double) is undefined for the type Calculator
	The method multiply(double, double) is undefined for the type Calculator
	The method multiply(double, double) is undefined for the type Calculator
	The method divide(double, double) is undefined for the type Calculator
	The method divide(int, int) is undefined for the type Calculator
	The method divide(double, double) is undefined for the type Calculator
	The method calculate(int, int, char) is undefined for the type Calculator

	at CalculatorTest.<init>(CalculatorTest.java:37)
	at java.base/java.lang.reflect.Constructor.newInstanceWithCaller(Constructor.java:502)
	at java.base/java.lang.reflect.Constructor.newInstance(Constructor.java:486)
	at java.base/java.util.Optional.orElseGet(Optional.java:364)
	at java.base/java.util.ArrayList.forEach(ArrayList.java:1596)
	at java.base/java.util.ArrayList.forEach(ArrayList.java:1596)

CalculatorTest.testGetRemainderPositiveNumbers -- Time elapsed: 0.004 s <<< ERROR!
java.lang.Error: 
Unresolved compilation problems: 
	The method add(double, double) is undefined for the type Calculator
	The method add(double, double) is undefined for the type Calculator
	The method add(double, double) is undefined for the type Calculator
	The method subtract(double, double) is undefined for the type Calculator
	The method subtract(double, double) is undefined for the type Calculator
	The method subtract(double, double) is undefined for the type Calculator
	The method multiply(double, double) is undefined for the type Calculator
	The method multiply(double, double) is undefined for the type Calculator
	The method multiply(double, double) is undefined for the type Calculator
	The method divide(double, double) is undefined for the type Calculator
	The method divide(int, int) is undefined for the type Calculator
	The method divide(double, double) is undefined for the type Calculator
	The method calculate(int, int, char) is undefined for the type Calculator

	at CalculatorTest.<init>(CalculatorTest.java:37)
	at java.base/java.lang.reflect.Constructor.newInstanceWithCaller(Constructor.java:502)
	at java.base/java.lang.reflect.Constructor.newInstance(Constructor.java:486)
	at java.base/java.util.Optional.orElseGet(Optional.java:364)
	at java.base/java.util.ArrayList.forEach(ArrayList.java:1596)
	at java.base/java.util.ArrayList.forEach(ArrayList.java:1596)

CalculatorTest.testGetRemainderNegativeNumbers -- Time elapsed: 0.002 s <<< ERROR!
java.lang.Error: 
Unresolved compilation problems: 
	The method add(double, double) is undefined for the type Calculator
	The method add(double, double) is undefined for the type Calculator
	The method add(double, double) is undefined for the type Calculator
	The method subtract(double, double) is undefined for the type Calculator
	The method subtract(double, double) is undefined for the type Calculator
	The method subtract(double, double) is undefined for the type Calculator
	The method multiply(double, double) is undefined for the type Calculator
	The method multiply(double, double) is undefined for the type Calculator
	The method multiply(double, double) is undefined for the type Calculator
	The method divide(double, double) is undefined for the type Calculator
	The method divide(int, int) is undefined for the type Calculator
	The method divide(double, double) is undefined for the type Calculator
	The method calculate(int, int, char) is undefined for the type Calculator

	at CalculatorTest.<init>(CalculatorTest.java:37)
	at java.base/java.lang.reflect.Constructor.newInstanceWithCaller(Constructor.java:502)
	at java.base/java.lang.reflect.Constructor.newInstance(Constructor.java:486)
	at java.base/java.util.Optional.orElseGet(Optional.java:364)
	at java.base/java.util.ArrayList.forEach(ArrayList.java:1596)
	at java.base/java.util.ArrayList.forEach(ArrayList.java:1596)

CalculatorTest.testMultiplication -- Time elapsed: 0.003 s <<< ERROR!
java.lang.Error: 
Unresolved compilation problems: 
	The method add(double, double) is undefined for the type Calculator
	The method add(double, double) is undefined for the type Calculator
	The method add(double, double) is undefined for the type Calculator
	The method subtract(double, double) is undefined for the type Calculator
	The method subtract(double, double) is undefined for the type Calculator
	The method subtract(double, double) is undefined for the type Calculator
	The method multiply(double, double) is undefined for the type Calculator
	The method multiply(double, double) is undefined for the type Calculator
	The method multiply(double, double) is undefined for the type Calculator
	The method divide(double, double) is undefined for the type Calculator
	The method divide(int, int) is undefined for the type Calculator
	The method divide(double, double) is undefined for the type Calculator
	The method calculate(int, int, char) is undefined for the type Calculator

	at CalculatorTest.<init>(CalculatorTest.java:37)
	at java.base/java.lang.reflect.Constructor.newInstanceWithCaller(Constructor.java:502)
	at java.base/java.lang.reflect.Constructor.newInstance(Constructor.java:486)
	at java.base/java.util.Optional.orElseGet(Optional.java:364)
	at java.base/java.util.ArrayList.forEach(ArrayList.java:1596)
	at java.base/java.util.ArrayList.forEach(ArrayList.java:1596)

CalculatorTest.testAddition -- Time elapsed: 0.001 s <<< ERROR!
java.lang.Error: 
Unresolved compilation problems: 
	The method add(double, double) is undefined for the type Calculator
	The method add(double, double) is undefined for the type Calculator
	The method add(double, double) is undefined for the type Calculator
	The method subtract(double, double) is undefined for the type Calculator
	The method subtract(double, double) is undefined for the type Calculator
	The method subtract(double, double) is undefined for the type Calculator
	The method multiply(double, double) is undefined for the type Calculator
	The method multiply(double, double) is undefined for the type Calculator
	The method multiply(double, double) is undefined for the type Calculator
	The method divide(double, double) is undefined for the type Calculator
	The method divide(int, int) is undefined for the type Calculator
	The method divide(double, double) is undefined for the type Calculator
	The method calculate(int, int, char) is undefined for the type Calculator

	at CalculatorTest.<init>(CalculatorTest.java:37)
	at java.base/java.lang.reflect.Constructor.newInstanceWithCaller(Constructor.java:502)
	at java.base/java.lang.reflect.Constructor.newInstance(Constructor.java:486)
	at java.base/java.util.Optional.orElseGet(Optional.java:364)
	at java.base/java.util.ArrayList.forEach(ArrayList.java:1596)
	at java.base/java.util.ArrayList.forEach(ArrayList.java:1596)

CalculatorTest.testGetRemainderDivisionByZero -- Time elapsed: 0 s <<< ERROR!
java.lang.Error: 
Unresolved compilation problems: 
	The method add(double, double) is undefined for the type Calculator
	The method add(double, double) is undefined for the type Calculator
	The method add(double, double) is undefined for the type Calculator
	The method subtract(double, double) is undefined for the type Calculator
	The method subtract(double, double) is undefined for the type Calculator
	The method subtract(double, double) is undefined for the type Calculator
	The method multiply(double, double) is undefined for the type Calculator
	The method multiply(double, double) is undefined for the type Calculator
	The method multiply(double, double) is undefined for the type Calculator
	The method divide(double, double) is undefined for the type Calculator
	The method divide(int, int) is undefined for the type Calculator
	The method divide(double, double) is undefined for the type Calculator
	The method calculate(int, int, char) is undefined for the type Calculator

	at CalculatorTest.<init>(CalculatorTest.java:37)
	at java.base/java.lang.reflect.Constructor.newInstanceWithCaller(Constructor.java:502)
	at java.base/java.lang.reflect.Constructor.newInstance(Constructor.java:486)
	at java.base/java.util.Optional.orElseGet(Optional.java:364)
	at java.base/java.util.ArrayList.forEach(ArrayList.java:1596)
	at java.base/java.util.ArrayList.forEach(ArrayList.java:1596)

CalculatorTest.testDivision -- Time elapsed: 0 s <<< ERROR!
java.lang.Error: 
Unresolved compilation problems: 
	The method add(double, double) is undefined for the type Calculator
	The method add(double, double) is undefined for the type Calculator
	The method add(double, double) is undefined for the type Calculator
	The method subtract(double, double) is undefined for the type Calculator
	The method subtract(double, double) is undefined for the type Calculator
	The method subtract(double, double) is undefined for the type Calculator
	The method multiply(double, double) is undefined for the type Calculator
	The method multiply(double, double) is undefined for the type Calculator
	The method multiply(double, double) is undefined for the type Calculator
	The method divide(double, double) is undefined for the type Calculator
	The method divide(int, int) is undefined for the type Calculator
	The method divide(double, double) is undefined for the type Calculator
	The method calculate(int, int, char) is undefined for the type Calculator

	at CalculatorTest.<init>(CalculatorTest.java:37)
	at java.base/java.lang.reflect.Constructor.newInstanceWithCaller(Constructor.java:502)
	at java.base/java.lang.reflect.Constructor.newInstance(Constructor.java:486)
	at java.base/java.util.Optional.orElseGet(Optional.java:364)
	at java.base/java.util.ArrayList.forEach(ArrayList.java:1596)
	at java.base/java.util.ArrayList.forEach(ArrayList.java:1596)

CalculatorTest.testSubtraction -- Time elapsed: 0.001 s <<< ERROR!
java.lang.Error: 
Unresolved compilation problems: 
	The method add(double, double) is undefined for the type Calculator
	The method add(double, double) is undefined for the type Calculator
	The method add(double, double) is undefined for the type Calculator
	The method subtract(double, double) is undefined for the type Calculator
	The method subtract(double, double) is undefined for the type Calculator
	The method subtract(double, double) is undefined for the type Calculator
	The method multiply(double, double) is undefined for the type Calculator
	The method multiply(double, double) is undefined for the type Calculator
	The method multiply(double, double) is undefined for the type Calculator
	The method divide(double, double) is undefined for the type Calculator
	The method divide(int, int) is undefined for the type Calculator
	The method divide(double, double) is undefined for the type Calculator
	The method calculate(int, int, char) is undefined for the type Calculator

	at CalculatorTest.<init>(CalculatorTest.java:37)
	at java.base/java.lang.reflect.Constructor.newInstanceWithCaller(Constructor.java:502)
	at java.base/java.lang.reflect.Constructor.newInstance(Constructor.java:486)
	at java.base/java.util.Optional.orElseGet(Optional.java:364)
	at java.base/java.util.ArrayList.forEach(ArrayList.java:1596)
	at java.base/java.util.ArrayList.forEach(ArrayList.java:1596)

