-------------------------------------------------------------------------------
Test set: PrimeCheckerTest
-------------------------------------------------------------------------------
Tests run: 5, Failures: 0, Errors: 5, Skipped: 0, Time elapsed: 0.025 s <<< FAILURE! -- in PrimeCheckerTest
PrimeCheckerTest.testIsPrimeTrue -- Time elapsed: 0.005 s <<< ERROR!
java.lang.Error: 
Unresolved compilation problems: 
	The method isPrime(int) is undefined for the type PrimeCheckerTest
	The method isPrime(int) is undefined for the type PrimeCheckerTest
	The method isPrime(int) is undefined for the type PrimeCheckerTest
	The method isPrime(int) is undefined for the type PrimeCheckerTest
	The method isPrime(int) is undefined for the type PrimeCheckerTest

	at PrimeCheckerTest.testIsPrimeTrue(PrimeCheckerTest.java:7)
	at java.base/java.lang.reflect.Method.invoke(Method.java:580)
	at java.base/java.util.ArrayList.forEach(ArrayList.java:1596)
	at java.base/java.util.ArrayList.forEach(ArrayList.java:1596)

PrimeCheckerTest.testIsPrimeZero -- Time elapsed: 0.003 s <<< ERROR!
java.lang.Error: 
Unresolved compilation problem: 
	The method isPrime(int) is undefined for the type PrimeCheckerTest

	at PrimeCheckerTest.testIsPrimeZero(PrimeCheckerTest.java:39)
	at java.base/java.lang.reflect.Method.invoke(Method.java:580)
	at java.base/java.util.ArrayList.forEach(ArrayList.java:1596)
	at java.base/java.util.ArrayList.forEach(ArrayList.java:1596)

PrimeCheckerTest.testIsPrimeNegativeNumber -- Time elapsed: 0.003 s <<< ERROR!
java.lang.Error: 
Unresolved compilation problems: 
	The method isPrime(int) is undefined for the type PrimeCheckerTest
	The method isPrime(int) is undefined for the type PrimeCheckerTest

	at PrimeCheckerTest.testIsPrimeNegativeNumber(PrimeCheckerTest.java:33)
	at java.base/java.lang.reflect.Method.invoke(Method.java:580)
	at java.base/java.util.ArrayList.forEach(ArrayList.java:1596)
	at java.base/java.util.ArrayList.forEach(ArrayList.java:1596)

PrimeCheckerTest.testIsPrimeLargeNumber -- Time elapsed: 0.003 s <<< ERROR!
java.lang.Error: 
Unresolved compilation problems: 
	The method isPrime(int) is undefined for the type PrimeCheckerTest
	The method isPrime(int) is undefined for the type PrimeCheckerTest

	at PrimeCheckerTest.testIsPrimeLargeNumber(PrimeCheckerTest.java:26)
	at java.base/java.lang.reflect.Method.invoke(Method.java:580)
	at java.base/java.util.ArrayList.forEach(ArrayList.java:1596)
	at java.base/java.util.ArrayList.forEach(ArrayList.java:1596)

PrimeCheckerTest.testIsPrimeFalse -- Time elapsed: 0.002 s <<< ERROR!
java.lang.Error: 
Unresolved compilation problems: 
	The method isPrime(int) is undefined for the type PrimeCheckerTest
	The method isPrime(int) is undefined for the type PrimeCheckerTest
	The method isPrime(int) is undefined for the type PrimeCheckerTest
	The method isPrime(int) is undefined for the type PrimeCheckerTest
	The method isPrime(int) is undefined for the type PrimeCheckerTest
	The method isPrime(int) is undefined for the type PrimeCheckerTest

	at PrimeCheckerTest.testIsPrimeFalse(PrimeCheckerTest.java:16)
	at java.base/java.lang.reflect.Method.invoke(Method.java:580)
	at java.base/java.util.ArrayList.forEach(ArrayList.java:1596)
	at java.base/java.util.ArrayList.forEach(ArrayList.java:1596)

