<?xml version="1.0" encoding="UTF-8"?>
<testsuite xmlns:xsi="http://www.w3.org/2001/XMLSchema-instance" xsi:noNamespaceSchemaLocation="https://maven.apache.org/surefire/maven-surefire-plugin/xsd/surefire-test-report-3.0.xsd" version="3.0" name="CinemaBookingSystemTest" time="0.15" tests="9" errors="9" skipped="0" failures="0">
  <properties>
    <property name="java.specification.version" value="21"/>
    <property name="sun.cpu.isalist" value="amd64"/>
    <property name="sun.jnu.encoding" value="Cp1252"/>
    <property name="java.class.path" value="C:\Users\user\Documents\RepoAI_Github\Repo-AI\java\target\test-classes;C:\Users\user\Documents\RepoAI_Github\Repo-AI\java\target\classes;C:\Users\user\.m2\repository\org\junit\jupiter\junit-jupiter-api\5.10.0\junit-jupiter-api-5.10.0.jar;C:\Users\user\.m2\repository\org\opentest4j\opentest4j\1.3.0\opentest4j-1.3.0.jar;C:\Users\user\.m2\repository\org\junit\platform\junit-platform-commons\1.10.0\junit-platform-commons-1.10.0.jar;C:\Users\user\.m2\repository\org\apiguardian\apiguardian-api\1.1.2\apiguardian-api-1.1.2.jar;C:\Users\user\.m2\repository\org\junit\jupiter\junit-jupiter-engine\5.10.0\junit-jupiter-engine-5.10.0.jar;C:\Users\user\.m2\repository\org\junit\platform\junit-platform-engine\1.10.0\junit-platform-engine-1.10.0.jar;"/>
    <property name="java.vm.vendor" value="Oracle Corporation"/>
    <property name="sun.arch.data.model" value="64"/>
    <property name="user.variant" value=""/>
    <property name="java.vendor.url" value="https://java.oracle.com/"/>
    <property name="user.timezone" value="Asia/Bangkok"/>
    <property name="os.name" value="Windows 11"/>
    <property name="java.vm.specification.version" value="21"/>
    <property name="sun.java.launcher" value="SUN_STANDARD"/>
    <property name="user.country" value="US"/>
    <property name="sun.boot.library.path" value="C:\Program Files\Java\jdk-21\bin"/>
    <property name="sun.java.command" value="C:\Users\user\AppData\Local\Temp\surefire4611271495233646181\surefirebooter-20250209143934275_3.jar C:\Users\user\AppData\Local\Temp\surefire4611271495233646181 2025-02-09T14-39-34_028-jvmRun1 surefire-20250209143934275_1tmp surefire_0-20250209143934275_2tmp"/>
    <property name="jdk.debug" value="release"/>
    <property name="surefire.test.class.path" value="C:\Users\user\Documents\RepoAI_Github\Repo-AI\java\target\test-classes;C:\Users\user\Documents\RepoAI_Github\Repo-AI\java\target\classes;C:\Users\user\.m2\repository\org\junit\jupiter\junit-jupiter-api\5.10.0\junit-jupiter-api-5.10.0.jar;C:\Users\user\.m2\repository\org\opentest4j\opentest4j\1.3.0\opentest4j-1.3.0.jar;C:\Users\user\.m2\repository\org\junit\platform\junit-platform-commons\1.10.0\junit-platform-commons-1.10.0.jar;C:\Users\user\.m2\repository\org\apiguardian\apiguardian-api\1.1.2\apiguardian-api-1.1.2.jar;C:\Users\user\.m2\repository\org\junit\jupiter\junit-jupiter-engine\5.10.0\junit-jupiter-engine-5.10.0.jar;C:\Users\user\.m2\repository\org\junit\platform\junit-platform-engine\1.10.0\junit-platform-engine-1.10.0.jar;"/>
    <property name="sun.cpu.endian" value="little"/>
    <property name="user.home" value="C:\Users\user"/>
    <property name="user.language" value="en"/>
    <property name="java.specification.vendor" value="Oracle Corporation"/>
    <property name="java.version.date" value="2023-10-17"/>
    <property name="java.home" value="C:\Program Files\Java\jdk-21"/>
    <property name="file.separator" value="\"/>
    <property name="basedir" value="C:\Users\user\Documents\RepoAI_Github\Repo-AI\java"/>
    <property name="java.vm.compressedOopsMode" value="Zero based"/>
    <property name="line.separator" value="&#10;"/>
    <property name="java.vm.specification.vendor" value="Oracle Corporation"/>
    <property name="java.specification.name" value="Java Platform API Specification"/>
    <property name="surefire.real.class.path" value="C:\Users\user\AppData\Local\Temp\surefire4611271495233646181\surefirebooter-20250209143934275_3.jar"/>
    <property name="user.script" value=""/>
    <property name="sun.management.compiler" value="HotSpot 64-Bit Tiered Compilers"/>
    <property name="java.runtime.version" value="21.0.1+12-LTS-29"/>
    <property name="user.name" value="user"/>
    <property name="stdout.encoding" value="Cp1252"/>
    <property name="path.separator" value=";"/>
    <property name="os.version" value="10.0"/>
    <property name="java.runtime.name" value="Java(TM) SE Runtime Environment"/>
    <property name="file.encoding" value="UTF-8"/>
    <property name="java.vm.name" value="Java HotSpot(TM) 64-Bit Server VM"/>
    <property name="localRepository" value="C:\Users\user\.m2\repository"/>
    <property name="java.vendor.url.bug" value="https://bugreport.java.com/bugreport/"/>
    <property name="java.io.tmpdir" value="C:\Users\user\AppData\Local\Temp\"/>
    <property name="java.version" value="21.0.1"/>
    <property name="user.dir" value="C:\Users\user\Documents\RepoAI_Github\Repo-AI\java"/>
    <property name="os.arch" value="amd64"/>
    <property name="java.vm.specification.name" value="Java Virtual Machine Specification"/>
    <property name="sun.os.patch.level" value=""/>
    <property name="native.encoding" value="Cp1252"/>
    <property name="java.library.path" value="C:\Program Files\Java\jdk-21\bin;C:\WINDOWS\Sun\Java\bin;C:\WINDOWS\system32;C:\WINDOWS;C:\Users\user\Documents\RepoAI_Github\Repo-AI\venv\Scripts;C:\src\flutter\flutter\bin;C:\Program Files\Java\jdk-21\bin;C:\Windows\system32;C:\Windows;C:\Windows\System32\Wbem;C:\Windows\System32\WindowsPowerShell\v1.0\;C:\Windows\System32\OpenSSH\;C:\Program Files\dotnet\;C:\WINDOWS\system32;C:\WINDOWS;C:\WINDOWS\System32\Wbem;C:\WINDOWS\System32\WindowsPowerShell\v1.0\;C:\WINDOWS\System32\OpenSSH\;C:\Program Files\Git\cmd;C:\Program Files\nodejs\;C:\Program Files\apache-maven-3.9.5\bin;C:\Program Files\Docker\Docker\resources\bin;C:\Users\user\AppData\Local\Programs\Python\Python312;C:\Users\user\AppData\Local\Programs\Python\Python312\Scripts;C:\Users\user\AppData\Local\Programs\Python\Launcher;C:\Users\user\AppData\Roaming\npm;C:\Users\user\AppData\Local\Google\Cloud SDK\google-cloud-sdk\bin\gcloud;C:\Users\user\AppData\Local\Google\Cloud SDK\google-cloud-sdk\bin\gcloud.cmd;C:\Selenium\geckodriver-v0.34.0-win64\geckodriver.exe;C:\Users\user\AppData\Local\Programs\Microsoft VS Code\bin;C:\Users\user\AppData\Roaming\npm;C:\Program Files\JetBrains\PyCharm Community Edition 2024.3\bin;;C:\Users\user\AppData\Local\Google\Cloud SDK\google-cloud-sdk\bin;."/>
    <property name="java.vm.info" value="mixed mode, sharing"/>
    <property name="stderr.encoding" value="Cp1252"/>
    <property name="java.vendor" value="Oracle Corporation"/>
    <property name="java.vm.version" value="21.0.1+12-LTS-29"/>
    <property name="sun.io.unicode.encoding" value="UnicodeLittle"/>
    <property name="java.class.version" value="65.0"/>
  </properties>
  <testcase name="testDisplaySeats" classname="CinemaBookingSystemTest" time="0.068">
    <error message="Unresolved compilation problems: &#10;	The method initializeSeats() from the type CinemaBookingSystem is not visible&#10;	The method displaySeats() from the type CinemaBookingSystem is not visible&#10;" type="java.lang.Error"><![CDATA[java.lang.Error: 
Unresolved compilation problems: 
	The method initializeSeats() from the type CinemaBookingSystem is not visible
	The method displaySeats() from the type CinemaBookingSystem is not visible

	at CinemaBookingSystemTest.testDisplaySeats(CinemaBookingSystemTest.java:20)
	at java.base/java.lang.reflect.Method.invoke(Method.java:580)
	at java.base/java.util.ArrayList.forEach(ArrayList.java:1596)
	at java.base/java.util.ArrayList.forEach(ArrayList.java:1596)
]]></error>
  </testcase>
  <testcase name="testBookSeatValid" classname="CinemaBookingSystemTest" time="0.005">
    <error message="Unresolved compilation problems: &#10;	The method initializeSeats() from the type CinemaBookingSystem is not visible&#10;	Scanner cannot be resolved to a type&#10;	Scanner cannot be resolved to a type&#10;	The field CinemaBookingSystem.seats is not visible&#10;" type="java.lang.Error"><![CDATA[java.lang.Error: 
Unresolved compilation problems: 
	The method initializeSeats() from the type CinemaBookingSystem is not visible
	Scanner cannot be resolved to a type
	Scanner cannot be resolved to a type
	The field CinemaBookingSystem.seats is not visible

	at CinemaBookingSystemTest.testBookSeatValid(CinemaBookingSystemTest.java:26)
	at java.base/java.lang.reflect.Method.invoke(Method.java:580)
	at java.base/java.util.ArrayList.forEach(ArrayList.java:1596)
	at java.base/java.util.ArrayList.forEach(ArrayList.java:1596)
]]></error>
  </testcase>
  <testcase name="testBookSeatInvalidInput" classname="CinemaBookingSystemTest" time="0.008">
    <error message="Unresolved compilation problems: &#10;	The method initializeSeats() from the type CinemaBookingSystem is not visible&#10;	Scanner cannot be resolved to a type&#10;	Scanner cannot be resolved to a type&#10;" type="java.lang.Error"><![CDATA[java.lang.Error: 
Unresolved compilation problems: 
	The method initializeSeats() from the type CinemaBookingSystem is not visible
	Scanner cannot be resolved to a type
	Scanner cannot be resolved to a type

	at CinemaBookingSystemTest.testBookSeatInvalidInput(CinemaBookingSystemTest.java:48)
	at java.base/java.lang.reflect.Method.invoke(Method.java:580)
	at java.base/java.util.ArrayList.forEach(ArrayList.java:1596)
	at java.base/java.util.ArrayList.forEach(ArrayList.java:1596)
]]></error>
  </testcase>
  <testcase name="testBuyPopcornLarge" classname="CinemaBookingSystemTest" time="0.003">
    <error message="Unresolved compilation problems: &#10;	Scanner cannot be resolved to a type&#10;	Scanner cannot be resolved to a type&#10;" type="java.lang.Error"><![CDATA[java.lang.Error: 
Unresolved compilation problems: 
	Scanner cannot be resolved to a type
	Scanner cannot be resolved to a type

	at CinemaBookingSystemTest.testBuyPopcornLarge(CinemaBookingSystemTest.java:80)
	at java.base/java.lang.reflect.Method.invoke(Method.java:580)
	at java.base/java.util.ArrayList.forEach(ArrayList.java:1596)
	at java.base/java.util.ArrayList.forEach(ArrayList.java:1596)
]]></error>
  </testcase>
  <testcase name="testBuyPopcornSmall" classname="CinemaBookingSystemTest" time="0.0">
    <error message="Unresolved compilation problems: &#10;	Scanner cannot be resolved to a type&#10;	Scanner cannot be resolved to a type&#10;" type="java.lang.Error"><![CDATA[java.lang.Error: 
Unresolved compilation problems: 
	Scanner cannot be resolved to a type
	Scanner cannot be resolved to a type

	at CinemaBookingSystemTest.testBuyPopcornSmall(CinemaBookingSystemTest.java:62)
	at java.base/java.lang.reflect.Method.invoke(Method.java:580)
	at java.base/java.util.ArrayList.forEach(ArrayList.java:1596)
	at java.base/java.util.ArrayList.forEach(ArrayList.java:1596)
]]></error>
  </testcase>
  <testcase name="testInitializeSeats" classname="CinemaBookingSystemTest" time="0.0">
    <error message="Unresolved compilation problems: &#10;	The method initializeSeats() from the type CinemaBookingSystem is not visible&#10;	The field CinemaBookingSystem.ROWS is not visible&#10;	The field CinemaBookingSystem.COLUMNS is not visible&#10;	The field CinemaBookingSystem.seats is not visible&#10;" type="java.lang.Error"><![CDATA[java.lang.Error: 
Unresolved compilation problems: 
	The method initializeSeats() from the type CinemaBookingSystem is not visible
	The field CinemaBookingSystem.ROWS is not visible
	The field CinemaBookingSystem.COLUMNS is not visible
	The field CinemaBookingSystem.seats is not visible

	at CinemaBookingSystemTest.testInitializeSeats(CinemaBookingSystemTest.java:10)
	at java.base/java.lang.reflect.Method.invoke(Method.java:580)
	at java.base/java.util.ArrayList.forEach(ArrayList.java:1596)
	at java.base/java.util.ArrayList.forEach(ArrayList.java:1596)
]]></error>
  </testcase>
  <testcase name="testBookSeatAlreadyBooked" classname="CinemaBookingSystemTest" time="0.003">
    <error message="Unresolved compilation problems: &#10;	The method initializeSeats() from the type CinemaBookingSystem is not visible&#10;	Scanner cannot be resolved to a type&#10;	Scanner cannot be resolved to a type&#10;" type="java.lang.Error"><![CDATA[java.lang.Error: 
Unresolved compilation problems: 
	The method initializeSeats() from the type CinemaBookingSystem is not visible
	Scanner cannot be resolved to a type
	Scanner cannot be resolved to a type

	at CinemaBookingSystemTest.testBookSeatAlreadyBooked(CinemaBookingSystemTest.java:37)
	at java.base/java.lang.reflect.Method.invoke(Method.java:580)
	at java.base/java.util.ArrayList.forEach(ArrayList.java:1596)
	at java.base/java.util.ArrayList.forEach(ArrayList.java:1596)
]]></error>
  </testcase>
  <testcase name="testBuyPopcornMedium" classname="CinemaBookingSystemTest" time="0.003">
    <error message="Unresolved compilation problems: &#10;	Scanner cannot be resolved to a type&#10;	Scanner cannot be resolved to a type&#10;" type="java.lang.Error"><![CDATA[java.lang.Error: 
Unresolved compilation problems: 
	Scanner cannot be resolved to a type
	Scanner cannot be resolved to a type

	at CinemaBookingSystemTest.testBuyPopcornMedium(CinemaBookingSystemTest.java:71)
	at java.base/java.lang.reflect.Method.invoke(Method.java:580)
	at java.base/java.util.ArrayList.forEach(ArrayList.java:1596)
	at java.base/java.util.ArrayList.forEach(ArrayList.java:1596)
]]></error>
  </testcase>
  <testcase name="testBuyPopcornInvalid" classname="CinemaBookingSystemTest" time="0.0">
    <error message="Unresolved compilation problems: &#10;	Scanner cannot be resolved to a type&#10;	Scanner cannot be resolved to a type&#10;" type="java.lang.Error"><![CDATA[java.lang.Error: 
Unresolved compilation problems: 
	Scanner cannot be resolved to a type
	Scanner cannot be resolved to a type

	at CinemaBookingSystemTest.testBuyPopcornInvalid(CinemaBookingSystemTest.java:89)
	at java.base/java.lang.reflect.Method.invoke(Method.java:580)
	at java.base/java.util.ArrayList.forEach(ArrayList.java:1596)
	at java.base/java.util.ArrayList.forEach(ArrayList.java:1596)
]]></error>
  </testcase>
</testsuite>