<?xml version="1.0" encoding="UTF-8"?>
<testsuite xmlns:xsi="http://www.w3.org/2001/XMLSchema-instance" xsi:noNamespaceSchemaLocation="https://maven.apache.org/surefire/maven-surefire-plugin/xsd/surefire-test-report-3.0.xsd" version="3.0" name="CinemaBookingSystemTest" time="0.15" tests="9" errors="9" skipped="0" failures="0">
  <properties>
[...]
</properties>
  <testcase name="testDisplaySeats" classname="CinemaBookingSystemTest" time="0.068">
    <error message="Unresolved compilation problems: &#10;	The method initializeSeats() from the type CinemaBookingSystem is not visible&#10;	The method displaySeats() from the type CinemaBookingSystem is not visible&#10;" type="java.lang.Error"><![CDATA[java.lang.Error: 
Unresolved compilation problems: 
	The method initializeSeats() from the type CinemaBookingSystem is not visible
	The method displaySeats() from the type CinemaBookingSystem is not visible

	at CinemaBookingSystemTest.testDisplaySeats(CinemaBookingSystemTest.java:20)
	at java.base/java.lang.reflect.Method.invoke(Method.java:580)
	at java.base/java.util.ArrayList.forEach(ArrayList.java:1596)
	at java.base/java.util.ArrayList.forEach(ArrayList.java:1596)
]]></error>
  </testcase>
  <testcase name="testBookSeatValid" classname="CinemaBookingSystemTest" time="0.005">
    <error message="Unresolved compilation problems: &#10;	The method initializeSeats() from the type CinemaBookingSystem is not visible&#10;	Scanner cannot be resolved to a type&#10;	Scanner cannot be resolved to a type&#10;	The field CinemaBookingSystem.seats is not visible&#10;" type="java.lang.Error"><![CDATA[java.lang.Error: 
Unresolved compilation problems: 
	The method initializeSeats() from the type CinemaBookingSystem is not visible
	Scanner cannot be resolved to a type
	Scanner cannot be resolved to a type
	The field CinemaBookingSystem.seats is not visible

	at CinemaBookingSystemTest.testBookSeatValid(CinemaBookingSystemTest.java:26)
	at java.base/java.lang.reflect.Method.invoke(Method.java:580)
	at java.base/java.util.ArrayList.forEach(ArrayList.java:1596)
	at java.base/java.util.ArrayList.forEach(ArrayList.java:1596)
]]></error>
  </testcase>
  <testcase name="testBookSeatInvalidInput" classname="CinemaBookingSystemTest" time="0.008">
    <error message="Unresolved compilation problems: &#10;	The method initializeSeats() from the type CinemaBookingSystem is not visible&#10;	Scanner cannot be resolved to a type&#10;	Scanner cannot be resolved to a type&#10;" type="java.lang.Error"><![CDATA[java.lang.Error: 
Unresolved compilation problems: 
	The method initializeSeats() from the type CinemaBookingSystem is not visible
	Scanner cannot be resolved to a type
	Scanner cannot be resolved to a type

	at CinemaBookingSystemTest.testBookSeatInvalidInput(CinemaBookingSystemTest.java:48)
	at java.base/java.lang.reflect.Method.invoke(Method.java:580)
	at java.base/java.util.ArrayList.forEach(ArrayList.java:1596)
	at java.base/java.util.ArrayList.forEach(ArrayList.java:1596)
]]></error>
  </testcase>
  <testcase name="testBuyPopcornLarge" classname="CinemaBookingSystemTest" time="0.003">
    <error message="Unresolved compilation problems: &#10;	Scanner cannot be resolved to a type&#10;	Scanner cannot be resolved to a type&#10;" type="java.lang.Error"><![CDATA[java.lang.Error: 
Unresolved compilation problems: 
	Scanner cannot be resolved to a type
	Scanner cannot be resolved to a type

	at CinemaBookingSystemTest.testBuyPopcornLarge(CinemaBookingSystemTest.java:80)
	at java.base/java.lang.reflect.Method.invoke(Method.java:580)
	at java.base/java.util.ArrayList.forEach(ArrayList.java:1596)
	at java.base/java.util.ArrayList.forEach(ArrayList.java:1596)
]]></error>
  </testcase>
  <testcase name="testBuyPopcornSmall" classname="CinemaBookingSystemTest" time="0.0">
    <error message="Unresolved compilation problems: &#10;	Scanner cannot be resolved to a type&#10;	Scanner cannot be resolved to a type&#10;" type="java.lang.Error"><![CDATA[java.lang.Error: 
Unresolved compilation problems: 
	Scanner cannot be resolved to a type
	Scanner cannot be resolved to a type

	at CinemaBookingSystemTest.testBuyPopcornSmall(CinemaBookingSystemTest.java:62)
	at java.base/java.lang.reflect.Method.invoke(Method.java:580)
	at java.base/java.util.ArrayList.forEach(ArrayList.java:1596)
	at java.base/java.util.ArrayList.forEach(ArrayList.java:1596)
]]></error>
  </testcase>
  <testcase name="testInitializeSeats" classname="CinemaBookingSystemTest" time="0.0">
    <error message="Unresolved compilation problems: &#10;	The method initializeSeats() from the type CinemaBookingSystem is not visible&#10;	The field CinemaBookingSystem.ROWS is not visible&#10;	The field CinemaBookingSystem.COLUMNS is not visible&#10;	The field CinemaBookingSystem.seats is not visible&#10;" type="java.lang.Error"><![CDATA[java.lang.Error: 
Unresolved compilation problems: 
	The method initializeSeats() from the type CinemaBookingSystem is not visible
	The field CinemaBookingSystem.ROWS is not visible
	The field CinemaBookingSystem.COLUMNS is not visible
	The field CinemaBookingSystem.seats is not visible

	at CinemaBookingSystemTest.testInitializeSeats(CinemaBookingSystemTest.java:10)
	at java.base/java.lang.reflect.Method.invoke(Method.java:580)
	at java.base/java.util.ArrayList.forEach(ArrayList.java:1596)
	at java.base/java.util.ArrayList.forEach(ArrayList.java:1596)
]]></error>
  </testcase>
  <testcase name="testBookSeatAlreadyBooked" classname="CinemaBookingSystemTest" time="0.003">
    <error message="Unresolved compilation problems: &#10;	The method initializeSeats() from the type CinemaBookingSystem is not visible&#10;	Scanner cannot be resolved to a type&#10;	Scanner cannot be resolved to a type&#10;" type="java.lang.Error"><![CDATA[java.lang.Error: 
Unresolved compilation problems: 
	The method initializeSeats() from the type CinemaBookingSystem is not visible
	Scanner cannot be resolved to a type
	Scanner cannot be resolved to a type

	at CinemaBookingSystemTest.testBookSeatAlreadyBooked(CinemaBookingSystemTest.java:37)
	at java.base/java.lang.reflect.Method.invoke(Method.java:580)
	at java.base/java.util.ArrayList.forEach(ArrayList.java:1596)
	at java.base/java.util.ArrayList.forEach(ArrayList.java:1596)
]]></error>
  </testcase>
  <testcase name="testBuyPopcornMedium" classname="CinemaBookingSystemTest" time="0.003">
    <error message="Unresolved compilation problems: &#10;	Scanner cannot be resolved to a type&#10;	Scanner cannot be resolved to a type&#10;" type="java.lang.Error"><![CDATA[java.lang.Error: 
Unresolved compilation problems: 
	Scanner cannot be resolved to a type
	Scanner cannot be resolved to a type

	at CinemaBookingSystemTest.testBuyPopcornMedium(CinemaBookingSystemTest.java:71)
	at java.base/java.lang.reflect.Method.invoke(Method.java:580)
	at java.base/java.util.ArrayList.forEach(ArrayList.java:1596)
	at java.base/java.util.ArrayList.forEach(ArrayList.java:1596)
]]></error>
  </testcase>
  <testcase name="testBuyPopcornInvalid" classname="CinemaBookingSystemTest" time="0.0">
    <error message="Unresolved compilation problems: &#10;	Scanner cannot be resolved to a type&#10;	Scanner cannot be resolved to a type&#10;" type="java.lang.Error"><![CDATA[java.lang.Error: 
Unresolved compilation problems: 
	Scanner cannot be resolved to a type
	Scanner cannot be resolved to a type

	at CinemaBookingSystemTest.testBuyPopcornInvalid(CinemaBookingSystemTest.java:89)
	at java.base/java.lang.reflect.Method.invoke(Method.java:580)
	at java.base/java.util.ArrayList.forEach(ArrayList.java:1596)
	at java.base/java.util.ArrayList.forEach(ArrayList.java:1596)
]]></error>
  </testcase>
</testsuite>